d:\coding\vs code projects\fileflock\build\torrentlite.dir\debug\vc143.pdb
d:\coding\vs code projects\fileflock\build\torrentlite.dir\debug\server.obj
d:\coding\vs code projects\fileflock\build\torrentlite.dir\debug\file_utils.obj
d:\coding\vs code projects\fileflock\build\torrentlite.dir\debug\config.obj
d:\coding\vs code projects\fileflock\build\torrentlite.dir\debug\client.obj
d:\coding\vs code projects\fileflock\build\cmakefiles\generate.stamp
d:\coding\vs code projects\fileflock\build\debug\torrentlite.pdb
d:\coding\vs code projects\fileflock\build\torrentlite.dir\debug\torrentlite.tlog\cl.command.1.tlog
d:\coding\vs code projects\fileflock\build\torrentlite.dir\debug\torrentlite.tlog\cl.read.1.tlog
d:\coding\vs code projects\fileflock\build\torrentlite.dir\debug\torrentlite.tlog\cl.write.1.tlog
d:\coding\vs code projects\fileflock\build\torrentlite.dir\debug\torrentlite.tlog\custombuild.command.1.tlog
d:\coding\vs code projects\fileflock\build\torrentlite.dir\debug\torrentlite.tlog\custombuild.read.1.tlog
d:\coding\vs code projects\fileflock\build\torrentlite.dir\debug\torrentlite.tlog\custombuild.write.1.tlog
d:\coding\vs code projects\fileflock\build\torrentlite.dir\debug\torrentlite.tlog\link-cvtres.read.1.tlog
d:\coding\vs code projects\fileflock\build\torrentlite.dir\debug\torrentlite.tlog\link-cvtres.write.1.tlog
d:\coding\vs code projects\fileflock\build\torrentlite.dir\debug\torrentlite.tlog\link-rc.read.1.tlog
d:\coding\vs code projects\fileflock\build\torrentlite.dir\debug\torrentlite.tlog\link-rc.write.1.tlog
d:\coding\vs code projects\fileflock\build\torrentlite.dir\debug\torrentlite.tlog\link.command.1.tlog
d:\coding\vs code projects\fileflock\build\torrentlite.dir\debug\torrentlite.tlog\link.read.1.tlog
d:\coding\vs code projects\fileflock\build\torrentlite.dir\debug\torrentlite.tlog\link.read.2.tlog
d:\coding\vs code projects\fileflock\build\torrentlite.dir\debug\torrentlite.tlog\link.write.1.tlog
